<?xml version="1.0" encoding="UTF-8"?>
<!-- Generated by org.testng.reporters.JUnitXMLReporter -->
<testsuite ignored="2" hostname="MKD-CORP-BCP076" failures="0" tests="2" name="Default test" time="31.869" errors="0" timestamp="2021-06-09T13:12:04 IST">
  <testcase classname="com.cyient.test.LoginTest" name="validCredentialTest" time="4.792"/>
  <testcase classname="com.cyient.test.LoginTest" name="validCredentialTest" time="5.217"/>
  <testcase classname="com.cyient.test.LoginTest" name="validateUIComponentTest" time="0.0">
    <ignored/>
  </testcase> <!-- validateUIComponentTest -->
  <testcase classname="com.cyient.test.LoginTest" name="invalidCredentialTest" time="0.0">
    <ignored/>
  </testcase> <!-- invalidCredentialTest -->
</testsuite> <!-- Default test -->
