<?xml version="1.0" encoding="UTF-8"?>
<testng-results ignored="3" total="4" passed="1" failed="0" skipped="0">
  <reporter-output>
  </reporter-output>
  <suite started-at="2021-06-08T22:14:18 IST" name="Default suite" finished-at="2021-06-08T22:14:28 IST" duration-ms="9654">
    <groups>
    </groups>
    <test started-at="2021-06-08T22:14:18 IST" name="Default test" finished-at="2021-06-08T22:14:28 IST" duration-ms="9654">
      <class name="com.cyient.test.LoginTest">
        <test-method is-config="true" signature="setup()[pri:0, instance:com.cyient.test.LoginTest@6d4e5011]" started-at="2021-06-08T22:14:18 IST" name="setup" finished-at="2021-06-08T22:14:27 IST" duration-ms="8668" status="PASS">
          <reporter-output>
          </reporter-output>
        </test-method> <!-- setup -->
        <test-method signature="validateUIComponentTest()[pri:0, instance:com.cyient.test.LoginTest@6d4e5011]" started-at="2021-06-08T22:14:27 IST" name="validateUIComponentTest" finished-at="2021-06-08T22:14:27 IST" duration-ms="103" status="PASS">
          <reporter-output>
          </reporter-output>
        </test-method> <!-- validateUIComponentTest -->
        <test-method is-config="true" signature="teardown()[pri:0, instance:com.cyient.test.LoginTest@6d4e5011]" started-at="2021-06-08T22:14:27 IST" name="teardown" finished-at="2021-06-08T22:14:28 IST" duration-ms="854" status="PASS">
          <reporter-output>
          </reporter-output>
        </test-method> <!-- teardown -->
      </class> <!-- com.cyient.test.LoginTest -->
    </test> <!-- Default test -->
  </suite> <!-- Default suite -->
</testng-results>
